0000           STL      RETADR    17202D    
0003           LDB     #LENGTH    69202D    
0006   CLOOP  +JSUB     RDREC     4B101036  
000A           LDA      LENGTH    032026    
000D           COMP    #0         290000    
0010           JEQ      ENDFIL    332007    
0013          +JSUB     WRREC     4B10105D  
0017           J        CLOOP     3F2FEC    
001A   ENDFIL  LDA      EOF       032010    
001D           STA      BUFFER    0F2016    
0020           LDA     #3         010003    
0023           STA      LENGTH    0F200D    
0026          +JSUB     WRREC     4B10105D  
002A           J       @RETADR    3E2003    
0030   RETADR  CLEAR    X         B410      
0032           CLEAR    A         B400      
0034           CLEAR    S         B440      
0036   BUFFER +LDT     #4096      75101000  
003A           TD                 E32019    
003D           JEQ                332FFA    
0040           RD                 DB2013    
0043           COMPR    A,S       A004      
0045           JEQ                332008    
0048           STCH     BUFFER,X  57C003    
004B           TIXR     T         B850      
004D           JLT                3B2FEA    
0050           STX      LENGTH    134000    
0053           RSUB               4F0000    
0057           CLEAR    X         B410      
0059           LDT      LENGTH    774000    
005C           TD                 E32011    
005F           JEQ                332FFA    
0062           LDCH     BUFFER,X  53C003    
0065           WD                 DF2008    
0068           TIXR     T         B850      
006A           JLT                3B2FEF    
006D           RSUB               4F0000    
