1036   MLKK    START    0         000000    
1036   RDREC   CLEAR    X         B410      
1036   MLKK    START    0         000000    
1036   RDREC   CLEAR    X         B410      
1038           CLEAR    A         B400      
103A           CLEAR    S         B440      
103C          +LDT     #4096      75101000  
1040   RLOOP   TD       INPUT     E32019    
1043           JEQ      RLOOP     332FFA    
1046           RD       INPUT     DB2013    
1049           COMPR    A,S       A004      
104B           JEQ      EXIT      332008    
104E           STCH     INPUT,X   57A00B    
1051           TIXR     T         B850      
1053           JLT      RLOOP     3B2FEA    
1056   EXIT    STX     #69        110045    
1059           RSUB               4F0000    
105C   INPUT   BYTE     X'F1'     F1        
105D   WRREC   CLEAR    X         B410      
105F           LDT     #420       7501A4    
1062   WLOOP   TD       OUTPUT    E32011    
1065           JEQ      WLOOP     332FFA    
1068           LDCH     OUTPUT,X  53A00B    
106B           WD       OUTPUT    DF2008    
106E           TIXR     T         B850      
1070           JLT      WLOOP     3B2FEF    
1073           RSUB               4F0000    
1076   OUTPUT  BYTE     X'05'     05        
       END     RDREC                        
