0000   MLKK    START    0         000000    
0000   FIRST   STL      RETADR    17202D    
0003           LDB     #LILI      69202D    
               BASE     LILI                
0006   CLOOP  +JSUB     KOTARO    4B101036  
000A           LDA      LILI      032026    
000D           COMP    #0         290000    
0010           JEQ      ENDFIL    332007    
0013          +JSUB     KYLE      4B10105D  
0017           J        CLOOP     3F2FEC    
001A   ENDFIL  LDA      EOF       032010    
001D           STA      MARIE     0F2016    
0020           LDA     #3         010003    
0023           STA      LILI      0F200D    
0026          +JSUB     KYLE      4B10105D  
002A           J       @RETADR    3E2003    
002D   EOF     BYTE     C'EOF'    454F46    
0030   RETADR  RESW     1                   
0033   LILI    RESW     1                   
0036   MARIE   RESB     4096                
1036   KOTARO  RESW     13                  
105D   KYLE    RESB     35                  
       END     FIRST                        
